Using pre-set license
Built from '2020.3/staging' branch; Version is '2020.3.17f1 (a4537701e4ab) revision 10769271'; Using compiler version '192528614'; Build Type 'Release'
OS: 'Windows 10 Home; OS build 19042.1348; Version 2009; 64bit' Language: 'en' Physical Memory: 16226 MB
BatchMode: 1, IsHumanControllingUs: 0, StartBugReporterOnCrash: 0, Is64bit: 1, IsPro: 0

COMMAND LINE ARGUMENTS:
C:\Program Files\Unity\Hub\Editor\2020.3.17f1\Editor\Unity.exe
-adb2
-batchMode
-noUpm
-name
AssetImportWorker0
-projectPath
C:/Users/user-pc/Documents/GitHub/JobHunter_V_1.0
-logFile
Logs/AssetImportWorker0.log
-srvPort
59873
Successfully changed project path to: C:/Users/user-pc/Documents/GitHub/JobHunter_V_1.0
C:/Users/user-pc/Documents/GitHub/JobHunter_V_1.0
Using Asset Import Pipeline V2.
Refreshing native plugins compatible for Editor in 33.99 ms, found 2 plugins.
Preloading 0 native plugins for Editor in 0.00 ms.
Initialize engine version: 2020.3.17f1 (a4537701e4ab)
[Subsystems] Discovering subsystems at path C:/Program Files/Unity/Hub/Editor/2020.3.17f1/Editor/Data/Resources/UnitySubsystems
[Subsystems] Discovering subsystems at path C:/Users/user-pc/Documents/GitHub/JobHunter_V_1.0/Assets
GfxDevice: creating device client; threaded=0
Direct3D:
    Version:  Direct3D 11.0 [level 11.1]
    Renderer: NVIDIA GeForce RTX 2080 SUPER (ID=0x1e81)
    Vendor:   
    VRAM:     8010 MB
    Driver:   30.0.14.9709
Initialize mono
Mono path[0] = 'C:/Program Files/Unity/Hub/Editor/2020.3.17f1/Editor/Data/Managed'
Mono path[1] = 'C:/Program Files/Unity/Hub/Editor/2020.3.17f1/Editor/Data/MonoBleedingEdge/lib/mono/unityjit'
Mono config path = 'C:/Program Files/Unity/Hub/Editor/2020.3.17f1/Editor/Data/MonoBleedingEdge/etc'
Using monoOptions --debugger-agent=transport=dt_socket,embedding=1,server=y,suspend=n,address=127.0.0.1:56308
Begin MonoManager ReloadAssembly
Registering precompiled unity dll's ...
Register platform support module: C:/Program Files/Unity/Hub/Editor/2020.3.17f1/Editor/Data/PlaybackEngines/MacStandaloneSupport/UnityEditor.OSXStandalone.Extensions.dll
Register platform support module: C:/Program Files/Unity/Hub/Editor/2020.3.17f1/Editor/Data/PlaybackEngines/WindowsStandaloneSupport/UnityEditor.WindowsStandalone.Extensions.dll
Registered in 0.001435 seconds.
Native extension for WindowsStandalone target not found
Native extension for OSXStandalone target not found
Refreshing native plugins compatible for Editor in 31.09 ms, found 2 plugins.
Preloading 0 native plugins for Editor in 0.00 ms.
Mono: successfully reloaded assembly
- Completed reload, in  1.415 seconds
Domain Reload Profiling:
	ReloadAssembly (1415ms)
		BeginReloadAssembly (41ms)
			ExecutionOrderSort (0ms)
			DisableScriptedObjects (0ms)
			BackupInstance (0ms)
			ReleaseScriptingObjects (0ms)
			CreateAndSetChildDomain (1ms)
		EndReloadAssembly (345ms)
			LoadAssemblies (40ms)
			RebuildTransferFunctionScriptingTraits (0ms)
			SetupTypeCache (122ms)
			ReleaseScriptCaches (0ms)
			RebuildScriptCaches (26ms)
			SetupLoadedEditorAssemblies (132ms)
				LogAssemblyErrors (0ms)
				InitializePlatformSupportModulesInManaged (4ms)
				SetLoadedEditorAssemblies (0ms)
				RefreshPlugins (31ms)
				BeforeProcessingInitializeOnLoad (13ms)
				ProcessInitializeOnLoadAttributes (62ms)
				ProcessInitializeOnLoadMethodAttributes (22ms)
				AfterProcessingInitializeOnLoad (0ms)
				EditorAssembliesLoaded (0ms)
			ExecutionOrderSort2 (0ms)
			AwakeInstancesAfterBackupRestoration (0ms)
Platform modules already initialized, skipping
Registering precompiled user dll's ...
Registered in 0.002909 seconds.
Begin MonoManager ReloadAssembly
Native extension for WindowsStandalone target not found
Native extension for OSXStandalone target not found
Refreshing native plugins compatible for Editor in 30.93 ms, found 2 plugins.
Preloading 0 native plugins for Editor in 0.00 ms.
Mono: successfully reloaded assembly
- Completed reload, in  0.878 seconds
Domain Reload Profiling:
	ReloadAssembly (879ms)
		BeginReloadAssembly (114ms)
			ExecutionOrderSort (0ms)
			DisableScriptedObjects (4ms)
			BackupInstance (0ms)
			ReleaseScriptingObjects (0ms)
			CreateAndSetChildDomain (16ms)
		EndReloadAssembly (717ms)
			LoadAssemblies (67ms)
			RebuildTransferFunctionScriptingTraits (0ms)
			SetupTypeCache (237ms)
			ReleaseScriptCaches (0ms)
			RebuildScriptCaches (35ms)
			SetupLoadedEditorAssemblies (275ms)
				LogAssemblyErrors (0ms)
				InitializePlatformSupportModulesInManaged (4ms)
				SetLoadedEditorAssemblies (0ms)
				RefreshPlugins (31ms)
				BeforeProcessingInitializeOnLoad (80ms)
				ProcessInitializeOnLoadAttributes (150ms)
				ProcessInitializeOnLoadMethodAttributes (7ms)
				AfterProcessingInitializeOnLoad (4ms)
				EditorAssembliesLoaded (0ms)
			ExecutionOrderSort2 (0ms)
			AwakeInstancesAfterBackupRestoration (4ms)
Platform modules already initialized, skipping
========================================================================
Worker process is ready to serve import requests
Launched and connected shader compiler UnityShaderCompiler.exe after 0.08 seconds
Refreshing native plugins compatible for Editor in 0.64 ms, found 2 plugins.
Preloading 0 native plugins for Editor in 0.00 ms.
Unloading 1713 Unused Serialized files (Serialized files now loaded: 0)
System memory in use before: 95.4 MB.
System memory in use after: 95.5 MB.

Unloading 32 unused Assets to reduce memory usage. Loaded Objects now: 2157.
Total: 2.365300 ms (FindLiveObjects: 0.122400 ms CreateObjectMapping: 0.043700 ms MarkObjects: 2.180600 ms  DeleteObjects: 0.017600 ms)

AssetImportParameters requested are different than current active one (requested -> active):
  custom:framework-win-MediaFoundation: 216162199b28c13a410421893ffa2e32 -> 
  custom:video-decoder-ogg-theora: a1e56fd34408186e4bbccfd4996cb3dc -> 
  custom:container-muxer-webm: aa71ff27fc2769a1b78a27578f13a17b -> 
  custom:container-demuxer-webm: 4f35f7cbe854078d1ac9338744f61a02 -> 
  custom:container-demuxer-ogg: 62fdf1f143b41e24485cea50d1cbac27 -> 
  custom:video-encoder-webm-vp8: eb34c28f22e8b96e1ab97ce403110664 -> 
  custom:video-decoder-webm-vp8: 9c59270c3fd7afecdb556c50c9e8de78 -> 
  custom:audio-decoder-ogg-vorbis: bf7c407c2cedff20999df2af8eb42d56 -> 
  custom:audio-encoder-webm-vorbis: bf7c407c2cedff20999df2af8eb42d56 -> 
========================================================================
Received Import Request.
  path: Assets/Models
  artifactKey: Guid(b201cde0eef038b46a20610d16e57916) Importer(815301076,1909f56bfc062723c751e8b465ee728b)
Start importing Assets/Models using Guid(b201cde0eef038b46a20610d16e57916) Importer(815301076,1909f56bfc062723c751e8b465ee728b)  -> (artifact id: 'd4f1d598c952d557c0cf21bbe60427f0') in 0.007587 seconds 
  Import took 0.009608 seconds .

========================================================================
Received Import Request.
  Time since last request: 0.000141 seconds.
  path: Assets/Models/Level1Doors.fbx
  artifactKey: Guid(47154778ccd080745b7c6cdcb35ec02e) Importer(815301076,1909f56bfc062723c751e8b465ee728b)
Start importing Assets/Models/Level1Doors.fbx using Guid(47154778ccd080745b7c6cdcb35ec02e) Importer(815301076,1909f56bfc062723c751e8b465ee728b)  -> (artifact id: '5ad2f451395f105894c2198e5005957d') in 0.245440 seconds 
  Import took 0.247461 seconds .

========================================================================
Received Import Request.
  Time since last request: 0.000220 seconds.
  path: Assets/Models/BedroomProps.fbx
  artifactKey: Guid(bd28f79ecb223f7429281f7d8b9d6520) Importer(815301076,1909f56bfc062723c751e8b465ee728b)
Start importing Assets/Models/BedroomProps.fbx using Guid(bd28f79ecb223f7429281f7d8b9d6520) Importer(815301076,1909f56bfc062723c751e8b465ee728b)  -> (artifact id: '272573e3dcdcbe9e91051bfef87aa000') in 0.082455 seconds 
  Import took 0.084642 seconds .

========================================================================
Received Import Request.
  Time since last request: 0.000195 seconds.
  path: Assets/Models/Doors.fbx
  artifactKey: Guid(8c7c4ad1e2f41460b9a522e737125893) Importer(815301076,1909f56bfc062723c751e8b465ee728b)
Start importing Assets/Models/Doors.fbx using Guid(8c7c4ad1e2f41460b9a522e737125893) Importer(815301076,1909f56bfc062723c751e8b465ee728b)  -> (artifact id: '6b87b4c85cc1c30d981df1f31b295112') in 0.011466 seconds 
  Import took 0.013458 seconds .

========================================================================
Received Import Request.
  Time since last request: 0.000224 seconds.
  path: Assets/Models/Syringe.fbx
  artifactKey: Guid(b2c71c1262c38ab4983efcaa2b4d6a1a) Importer(815301076,1909f56bfc062723c751e8b465ee728b)
Start importing Assets/Models/Syringe.fbx using Guid(b2c71c1262c38ab4983efcaa2b4d6a1a) Importer(815301076,1909f56bfc062723c751e8b465ee728b)  -> (artifact id: 'aef8726799f55481b60a101e13f52e6b') in 0.030663 seconds 
  Import took 0.032744 seconds .

========================================================================
Received Import Request.
  Time since last request: 2.333094 seconds.
  path: Assets/Models/Character(THESE ARE NEW)
  artifactKey: Guid(d9473a03df44e294483d9605c5901267) Importer(815301076,1909f56bfc062723c751e8b465ee728b)
Start importing Assets/Models/Character(THESE ARE NEW) using Guid(d9473a03df44e294483d9605c5901267) Importer(815301076,1909f56bfc062723c751e8b465ee728b)  -> (artifact id: '9dd02958f4951f9fe68e1bca33e27830') in 0.005401 seconds 
  Import took 0.007631 seconds .

========================================================================
Received Import Request.
  Time since last request: 1.777338 seconds.
  path: Assets/Models/Character(THESE ARE NEW)/Ballerina
  artifactKey: Guid(abdcc3f040df24a44a2688e7afce2c32) Importer(815301076,1909f56bfc062723c751e8b465ee728b)
Start importing Assets/Models/Character(THESE ARE NEW)/Ballerina using Guid(abdcc3f040df24a44a2688e7afce2c32) Importer(815301076,1909f56bfc062723c751e8b465ee728b)  -> (artifact id: 'e71fe47a64305f933e73bac19d45e496') in 0.004542 seconds 
  Import took 0.006705 seconds .

========================================================================
Received Import Request.
  Time since last request: 0.106071 seconds.
  path: Assets/Models/Character(THESE ARE NEW)/Ballerina/Ballerina.fbx
  artifactKey: Guid(130c8a823dbbdb0498186b625cbd513b) Importer(815301076,1909f56bfc062723c751e8b465ee728b)
Start importing Assets/Models/Character(THESE ARE NEW)/Ballerina/Ballerina.fbx using Guid(130c8a823dbbdb0498186b625cbd513b) Importer(815301076,1909f56bfc062723c751e8b465ee728b)  -> (artifact id: 'e2cc455115db159e950a019f65d263ea') in 0.032456 seconds 
  Import took 0.034749 seconds .

========================================================================
Received Import Request.
  Time since last request: 0.000218 seconds.
  path: Assets/Models/Character(THESE ARE NEW)/Ballerina/Toto.FBX
  artifactKey: Guid(0e17a5d297b2b454587025b603b94931) Importer(815301076,1909f56bfc062723c751e8b465ee728b)
Start importing Assets/Models/Character(THESE ARE NEW)/Ballerina/Toto.FBX using Guid(0e17a5d297b2b454587025b603b94931) Importer(815301076,1909f56bfc062723c751e8b465ee728b)  -> (artifact id: '8475a72b65226e859a85aed6f19b6949') in 0.023494 seconds 
  Import took 0.025613 seconds .

========================================================================
Received Import Request.
  Time since last request: 0.000227 seconds.
  path: Assets/Models/Character(THESE ARE NEW)/Ballerina/Suit.FBX
  artifactKey: Guid(c31f10647cfec5c49bd6862ec3bbf551) Importer(815301076,1909f56bfc062723c751e8b465ee728b)
Start importing Assets/Models/Character(THESE ARE NEW)/Ballerina/Suit.FBX using Guid(c31f10647cfec5c49bd6862ec3bbf551) Importer(815301076,1909f56bfc062723c751e8b465ee728b)  -> (artifact id: 'd88f27b0fd32059cb8306ed50a0e70ae') in 0.012789 seconds 
  Import took 0.014927 seconds .

========================================================================
Received Import Request.
  Time since last request: 0.000182 seconds.
  path: Assets/Models/Character(THESE ARE NEW)/Ballerina/BallerinaSuit_Toto.fbx
  artifactKey: Guid(e0859eafee2b01b4a9ad26672b1285cd) Importer(815301076,1909f56bfc062723c751e8b465ee728b)
Start importing Assets/Models/Character(THESE ARE NEW)/Ballerina/BallerinaSuit_Toto.fbx using Guid(e0859eafee2b01b4a9ad26672b1285cd) Importer(815301076,1909f56bfc062723c751e8b465ee728b)  -> (artifact id: '762da5ca2efa12a52873d7e9245593f8') in 0.051500 seconds 
  Import took 0.053613 seconds .

========================================================================
Received Import Request.
  Time since last request: 130.091000 seconds.
  path: Assets/Models/Character(THESE ARE NEW)/Doctor
  artifactKey: Guid(5146a71c48e72a84b99c705f7a696d68) Importer(815301076,1909f56bfc062723c751e8b465ee728b)
Start importing Assets/Models/Character(THESE ARE NEW)/Doctor using Guid(5146a71c48e72a84b99c705f7a696d68) Importer(815301076,1909f56bfc062723c751e8b465ee728b)  -> (artifact id: '7845e53268eb41ba83d5b76dd1caab8a') in 0.004585 seconds 
  Import took 0.006731 seconds .

========================================================================
Received Import Request.
  Time since last request: 0.047179 seconds.
  path: Assets/Models/Character(THESE ARE NEW)/Doctor/CharacterCoat.fbx
  artifactKey: Guid(a4c0b57fb8c190b418715c3ad1d349fd) Importer(815301076,1909f56bfc062723c751e8b465ee728b)
Start importing Assets/Models/Character(THESE ARE NEW)/Doctor/CharacterCoat.fbx using Guid(a4c0b57fb8c190b418715c3ad1d349fd) Importer(815301076,1909f56bfc062723c751e8b465ee728b)  -> (artifact id: '10168fa2682a1399ca83650c5309dfe1') in 0.043312 seconds 
  Import took 0.045759 seconds .

========================================================================
Received Import Request.
  Time since last request: 0.000160 seconds.
  path: Assets/Models/Character(THESE ARE NEW)/Doctor/Coat.FBX
  artifactKey: Guid(94eef059ffc9f8a4caf7d97101e4c127) Importer(815301076,1909f56bfc062723c751e8b465ee728b)
Start importing Assets/Models/Character(THESE ARE NEW)/Doctor/Coat.FBX using Guid(94eef059ffc9f8a4caf7d97101e4c127) Importer(815301076,1909f56bfc062723c751e8b465ee728b)  -> (artifact id: '74098e20846e050972487cbe11b9e613') in 0.021461 seconds 
  Import took 0.023571 seconds .

========================================================================
Received Import Request.
  Time since last request: 0.000596 seconds.
  path: Assets/Models/Character(THESE ARE NEW)/Doctor/Coat.FBX
  artifactKey: Guid(94eef059ffc9f8a4caf7d97101e4c127) Importer(815301076,1909f56bfc062723c751e8b465ee728b)
Start importing Assets/Models/Character(THESE ARE NEW)/Doctor/Coat.FBX using Guid(94eef059ffc9f8a4caf7d97101e4c127) Importer(815301076,1909f56bfc062723c751e8b465ee728b)  -> (artifact id: '74098e20846e050972487cbe11b9e613') in 0.017371 seconds 
  Import took 0.019585 seconds .

========================================================================
Received Import Request.
  Time since last request: 1173.821867 seconds.
  path: Assets/Models/NEWEST CHAR MODELS
  artifactKey: Guid(5a80c794e9ade344b86ac4326dcb4788) Importer(815301076,1909f56bfc062723c751e8b465ee728b)
Start importing Assets/Models/NEWEST CHAR MODELS using Guid(5a80c794e9ade344b86ac4326dcb4788) Importer(815301076,1909f56bfc062723c751e8b465ee728b)  -> (artifact id: '64ecda8c5595301b3f0b94c45eaa9dab') in 0.005124 seconds 
  Import took 0.007658 seconds .

========================================================================
Received Import Request.
  Time since last request: 8.827766 seconds.
  path: Assets/Models/NEWEST CHAR MODELS/Ballerina1 T-Pose@T-Pose.fbx
  artifactKey: Guid(86d83425914ccff4ea8640d3ffa9b9de) Importer(815301076,1909f56bfc062723c751e8b465ee728b)
Start importing Assets/Models/NEWEST CHAR MODELS/Ballerina1 T-Pose@T-Pose.fbx using Guid(86d83425914ccff4ea8640d3ffa9b9de) Importer(815301076,1909f56bfc062723c751e8b465ee728b)  -> (artifact id: '385d04ba0a1de42c65db3b384c39e896') in 0.064381 seconds 
  Import took 0.066895 seconds .

========================================================================
Received Import Request.
  Time since last request: 0.000161 seconds.
  path: Assets/Models/NEWEST CHAR MODELS/BallerinaSuit_Toto@T-Pose.fbx
  artifactKey: Guid(b758dc1193fcfa4438a7f491c1eb05fe) Importer(815301076,1909f56bfc062723c751e8b465ee728b)
Start importing Assets/Models/NEWEST CHAR MODELS/BallerinaSuit_Toto@T-Pose.fbx using Guid(b758dc1193fcfa4438a7f491c1eb05fe) Importer(815301076,1909f56bfc062723c751e8b465ee728b)  -> (artifact id: '4e9c950645f52fe57b13c4c335317c2e') in 0.044193 seconds 
  Import took 0.046463 seconds .

========================================================================
Received Import Request.
  Time since last request: 0.000154 seconds.
  path: Assets/Models/NEWEST CHAR MODELS/CharacterCoat@T-Pose.fbx
  artifactKey: Guid(cd44953ff6f857d4e80ac0c8b0e1f8e7) Importer(815301076,1909f56bfc062723c751e8b465ee728b)
Start importing Assets/Models/NEWEST CHAR MODELS/CharacterCoat@T-Pose.fbx using Guid(cd44953ff6f857d4e80ac0c8b0e1f8e7) Importer(815301076,1909f56bfc062723c751e8b465ee728b)  -> (artifact id: '66388d2e464bd7932bc0b5a126b2028f') in 0.040715 seconds 
  Import took 0.042975 seconds .

========================================================================
Received Import Request.
  Time since last request: 175.554810 seconds.
  path: Assets/Models/NEWEST CHAR MODELS/Ballerina1 T-Pose@T-Pose.fbx
  artifactKey: Guid(86d83425914ccff4ea8640d3ffa9b9de) Importer(815301076,1909f56bfc062723c751e8b465ee728b)
Start importing Assets/Models/NEWEST CHAR MODELS/Ballerina1 T-Pose@T-Pose.fbx using Guid(86d83425914ccff4ea8640d3ffa9b9de) Importer(815301076,1909f56bfc062723c751e8b465ee728b)  -> (artifact id: '3574ae1cf55fd16c1914804d1d087e6e') in 0.038286 seconds 
  Import took 0.040751 seconds .

========================================================================
Received Import Request.
  Time since last request: 5.787162 seconds.
  path: Assets/Models/NEWEST CHAR MODELS/BallerinaSuit_Toto@T-Pose.fbx
  artifactKey: Guid(b758dc1193fcfa4438a7f491c1eb05fe) Importer(815301076,1909f56bfc062723c751e8b465ee728b)
Start importing Assets/Models/NEWEST CHAR MODELS/BallerinaSuit_Toto@T-Pose.fbx using Guid(b758dc1193fcfa4438a7f491c1eb05fe) Importer(815301076,1909f56bfc062723c751e8b465ee728b)  -> (artifact id: '09f4ac061ba1688e3cbcb26d36df882d') in 0.040133 seconds 
  Import took 0.042513 seconds .

========================================================================
Received Import Request.
  Time since last request: 4.842914 seconds.
  path: Assets/Models/NEWEST CHAR MODELS/CharacterCoat@T-Pose.fbx
  artifactKey: Guid(cd44953ff6f857d4e80ac0c8b0e1f8e7) Importer(815301076,1909f56bfc062723c751e8b465ee728b)
Start importing Assets/Models/NEWEST CHAR MODELS/CharacterCoat@T-Pose.fbx using Guid(cd44953ff6f857d4e80ac0c8b0e1f8e7) Importer(815301076,1909f56bfc062723c751e8b465ee728b)  -> (artifact id: '1ba9b010e129bc6152cbc28a29d979ea') in 0.038876 seconds 
  Import took 0.041338 seconds .

========================================================================
Received Import Request.
  Time since last request: 111.614369 seconds.
  path: Assets/Models/Character Models
  artifactKey: Guid(dff103e506500bc478a517073cb890dc) Importer(815301076,1909f56bfc062723c751e8b465ee728b)
Start importing Assets/Models/Character Models using Guid(dff103e506500bc478a517073cb890dc) Importer(815301076,1909f56bfc062723c751e8b465ee728b)  -> (artifact id: '2c571bc40b4190c3f1f31984dd513300') in 0.004867 seconds 
  Import took 0.007500 seconds .

========================================================================
Received Import Request.
  Time since last request: 0.071902 seconds.
  path: Assets/Models/Character Models/1NudeWalking.fbx
  artifactKey: Guid(e122ab6c1727541909dc824d2da12b93) Importer(815301076,1909f56bfc062723c751e8b465ee728b)
Start importing Assets/Models/Character Models/1NudeWalking.fbx using Guid(e122ab6c1727541909dc824d2da12b93) Importer(815301076,1909f56bfc062723c751e8b465ee728b)  -> (artifact id: 'cb1b267724b2444929b1b5afd55bebf9') in 0.021233 seconds 
  Import took 0.023615 seconds .

========================================================================
Received Import Request.
  Time since last request: 0.000192 seconds.
  path: Assets/Models/Character Models/3.1ToToShuffling.fbx
  artifactKey: Guid(7080899501163419b9f3cacc8adbcfcd) Importer(815301076,1909f56bfc062723c751e8b465ee728b)
Start importing Assets/Models/Character Models/3.1ToToShuffling.fbx using Guid(7080899501163419b9f3cacc8adbcfcd) Importer(815301076,1909f56bfc062723c751e8b465ee728b)  -> (artifact id: '60f6e64009cd518806a6058d8e7b018b') in 0.027762 seconds 
  Import took 0.029904 seconds .

========================================================================
Received Import Request.
  Time since last request: 0.000226 seconds.
  path: Assets/Models/Character Models/4.1DoctorCoat_ToToJoggingWithBox@Defeat Idle.fbx
  artifactKey: Guid(f1e003f325cae469fb1904a7de2bd57e) Importer(815301076,1909f56bfc062723c751e8b465ee728b)
Start importing Assets/Models/Character Models/4.1DoctorCoat_ToToJoggingWithBox@Defeat Idle.fbx using Guid(f1e003f325cae469fb1904a7de2bd57e) Importer(815301076,1909f56bfc062723c751e8b465ee728b)  -> (artifact id: '5b7e500cf622e4f623550239dff545e2') in 0.027495 seconds 
  Import took 0.029631 seconds .

========================================================================
Received Import Request.
  Time since last request: 0.000159 seconds.
  path: Assets/Models/Character Models/4.1DoctorCoat_ToToJoggingWithBox.fbx
  artifactKey: Guid(6a0a4ea3175674f688ef77b9eed439e4) Importer(815301076,1909f56bfc062723c751e8b465ee728b)
Start importing Assets/Models/Character Models/4.1DoctorCoat_ToToJoggingWithBox.fbx using Guid(6a0a4ea3175674f688ef77b9eed439e4) Importer(815301076,1909f56bfc062723c751e8b465ee728b)  -> (artifact id: 'e7e3361184cbaa54b64c7c9e0c2d9878') in 0.028162 seconds 
  Import took 0.030243 seconds .

========================================================================
Received Import Request.
  Time since last request: 0.000272 seconds.
  path: Assets/Models/Character Models/2DoctorCoatWalking.fbx
  artifactKey: Guid(a19056e687d60490da1451a5e3c39762) Importer(815301076,1909f56bfc062723c751e8b465ee728b)
Start importing Assets/Models/Character Models/2DoctorCoatWalking.fbx using Guid(a19056e687d60490da1451a5e3c39762) Importer(815301076,1909f56bfc062723c751e8b465ee728b)  -> (artifact id: '2247a76715c4a75719a0601fbce71c8f') in 0.031868 seconds 
  Import took 0.033984 seconds .

========================================================================
Received Import Request.
  Time since last request: 0.000218 seconds.
  path: Assets/Models/Character Models/3.2DoctorCoat_HatWalking.fbx
  artifactKey: Guid(297d28350ce7d49b8a1360b6429ec0ce) Importer(815301076,1909f56bfc062723c751e8b465ee728b)
Start importing Assets/Models/Character Models/3.2DoctorCoat_HatWalking.fbx using Guid(297d28350ce7d49b8a1360b6429ec0ce) Importer(815301076,1909f56bfc062723c751e8b465ee728b)  -> (artifact id: '1fa71d9d357f29e2b12650a026de8472') in 0.034966 seconds 
  Import took 0.037130 seconds .

========================================================================
Received Import Request.
  Time since last request: 0.000168 seconds.
  path: Assets/Models/Character Models/4.2DoctorCoat_HatWalkWithBriefcase@Victory Idle.fbx
  artifactKey: Guid(6bd0f0e93af044ce6b41e1c3e2fe1f2c) Importer(815301076,1909f56bfc062723c751e8b465ee728b)
Start importing Assets/Models/Character Models/4.2DoctorCoat_HatWalkWithBriefcase@Victory Idle.fbx using Guid(6bd0f0e93af044ce6b41e1c3e2fe1f2c) Importer(815301076,1909f56bfc062723c751e8b465ee728b)  -> (artifact id: 'b4b31cd62cbc6c96849dd9d5150dc61e') in 0.033552 seconds 
  Import took 0.035960 seconds .

========================================================================
Received Import Request.
  Time since last request: 0.000238 seconds.
  path: Assets/Models/Character Models/4.2DoctorCoat_HatWalkWithBriefcase.fbx
  artifactKey: Guid(e19c5c772fe2f418fb169ca6e69e1637) Importer(815301076,1909f56bfc062723c751e8b465ee728b)
Start importing Assets/Models/Character Models/4.2DoctorCoat_HatWalkWithBriefcase.fbx using Guid(e19c5c772fe2f418fb169ca6e69e1637) Importer(815301076,1909f56bfc062723c751e8b465ee728b)  -> (artifact id: 'ae0ff1305d725d38433c5e7fcea4e7a7') in 0.033754 seconds 
  Import took 0.036111 seconds .

========================================================================
Received Import Request.
  Time since last request: 2.429077 seconds.
  path: Assets/Models/PickUps
  artifactKey: Guid(9c36f0f5e73e0c74db7ca724b40e1067) Importer(815301076,1909f56bfc062723c751e8b465ee728b)
Start importing Assets/Models/PickUps using Guid(9c36f0f5e73e0c74db7ca724b40e1067) Importer(815301076,1909f56bfc062723c751e8b465ee728b)  -> (artifact id: '240f43553bfcfd5b1406d86792bef72b') in 0.004775 seconds 
  Import took 0.006866 seconds .

========================================================================
Received Import Request.
  Time since last request: 0.090603 seconds.
  path: Assets/Models/PickUps/BallerinaShoes.fbx
  artifactKey: Guid(74b67116c68b9f04b9e8ef8cb870368a) Importer(815301076,1909f56bfc062723c751e8b465ee728b)
Start importing Assets/Models/PickUps/BallerinaShoes.fbx using Guid(74b67116c68b9f04b9e8ef8cb870368a) Importer(815301076,1909f56bfc062723c751e8b465ee728b)  -> (artifact id: 'f1770516a1ec9a45710aacd0214b8863') in 0.014459 seconds 
  Import took 0.016606 seconds .

========================================================================
Received Import Request.
  Time since last request: 0.000237 seconds.
  path: Assets/Models/PickUps/ClipBoard&Sthetiscope.fbx
  artifactKey: Guid(9ec38220dd6893f4ca22338464de98f4) Importer(815301076,1909f56bfc062723c751e8b465ee728b)
Start importing Assets/Models/PickUps/ClipBoard&Sthetiscope.fbx using Guid(9ec38220dd6893f4ca22338464de98f4) Importer(815301076,1909f56bfc062723c751e8b465ee728b)  -> (artifact id: 'c01d55c058e272aeeea39fe064a277de') in 0.039566 seconds 
  Import took 0.041580 seconds .

========================================================================
Received Import Request.
  Time since last request: 0.000211 seconds.
  path: Assets/Models/PickUps/DoctorHat.FBX
  artifactKey: Guid(1fad3d8c56941eb4b9843eaf3a8c28ca) Importer(815301076,1909f56bfc062723c751e8b465ee728b)
Start importing Assets/Models/PickUps/DoctorHat.FBX using Guid(1fad3d8c56941eb4b9843eaf3a8c28ca) Importer(815301076,1909f56bfc062723c751e8b465ee728b)  -> (artifact id: 'b262ba74472b7b55a3fef22bd8c605ca') in 0.015495 seconds 
  Import took 0.017453 seconds .

========================================================================
Received Import Request.
  Time since last request: 0.000185 seconds.
  path: Assets/Models/PickUps/Tiara.fbx
  artifactKey: Guid(ef70ac3a1e5d54446b32cefc04d03363) Importer(815301076,1909f56bfc062723c751e8b465ee728b)
Start importing Assets/Models/PickUps/Tiara.fbx using Guid(ef70ac3a1e5d54446b32cefc04d03363) Importer(815301076,1909f56bfc062723c751e8b465ee728b)  -> (artifact id: 'f240f4955064902edbbea27352e2635e') in 0.021483 seconds 
  Import took 0.023598 seconds .

========================================================================
Received Import Request.
  Time since last request: 0.000231 seconds.
  path: Assets/Models/PickUps/Coat.fbx
  artifactKey: Guid(b8496de201b679d4096a97d43539affd) Importer(815301076,1909f56bfc062723c751e8b465ee728b)
Start importing Assets/Models/PickUps/Coat.fbx using Guid(b8496de201b679d4096a97d43539affd) Importer(815301076,1909f56bfc062723c751e8b465ee728b)  -> (artifact id: 'b3bfd96a4dc370199db2322f0e27c701') in 0.014654 seconds 
  Import took 0.017059 seconds .

========================================================================
Received Import Request.
  Time since last request: 0.000225 seconds.
  path: Assets/Models/PickUps/BallerinaToTo.fbx
  artifactKey: Guid(88942404d71227e429740e304931f083) Importer(815301076,1909f56bfc062723c751e8b465ee728b)
Start importing Assets/Models/PickUps/BallerinaToTo.fbx using Guid(88942404d71227e429740e304931f083) Importer(815301076,1909f56bfc062723c751e8b465ee728b)  -> (artifact id: '243e1c9054628790ae81eadc1fd837ff') in 0.015187 seconds 
  Import took 0.017507 seconds .

========================================================================
Received Import Request.
  Time since last request: 0.000147 seconds.
  path: Assets/Models/PickUps/BallerinaSuit.fbx
  artifactKey: Guid(ee58a89e4610c8e4b85e2153f5600af6) Importer(815301076,1909f56bfc062723c751e8b465ee728b)
Start importing Assets/Models/PickUps/BallerinaSuit.fbx using Guid(ee58a89e4610c8e4b85e2153f5600af6) Importer(815301076,1909f56bfc062723c751e8b465ee728b)  -> (artifact id: 'd17fa396d6052037b2ead09676e3a4fb') in 0.015544 seconds 
  Import took 0.017559 seconds .

========================================================================
Received Import Request.
  Time since last request: 0.000174 seconds.
  path: Assets/Models/PickUps/DoctorBag.fbx
  artifactKey: Guid(380c7fbfd5434d141831627d1937ba72) Importer(815301076,1909f56bfc062723c751e8b465ee728b)
Start importing Assets/Models/PickUps/DoctorBag.fbx using Guid(380c7fbfd5434d141831627d1937ba72) Importer(815301076,1909f56bfc062723c751e8b465ee728b)  -> (artifact id: '4ce1a8c41fc044e7a76510e1877b037b') in 0.021978 seconds 
  Import took 0.024016 seconds .

========================================================================
Received Import Request.
  Time since last request: 70.840066 seconds.
  path: Assets/Materials
  artifactKey: Guid(5b8b1c702c3892946996496f67c0bf07) Importer(815301076,1909f56bfc062723c751e8b465ee728b)
Start importing Assets/Materials using Guid(5b8b1c702c3892946996496f67c0bf07) Importer(815301076,1909f56bfc062723c751e8b465ee728b)  -> (artifact id: 'de17402ebdf07ba119d18a5b06e43181') in 0.004969 seconds 
  Import took 0.007115 seconds .

========================================================================
Received Import Request.
  Time since last request: 0.065956 seconds.
  path: Assets/Materials/Character.mat
  artifactKey: Guid(737f845486d69b043bcb089998781c38) Importer(815301076,1909f56bfc062723c751e8b465ee728b)
Start importing Assets/Materials/Character.mat using Guid(737f845486d69b043bcb089998781c38) Importer(815301076,1909f56bfc062723c751e8b465ee728b)  -> (artifact id: '54c2ee686ed11554bf59c660e4a4c566') in 0.016410 seconds 
  Import took 0.018561 seconds .

========================================================================
Received Import Request.
  Time since last request: 0.000215 seconds.
  path: Assets/Materials/Standard.mat
  artifactKey: Guid(ba3ae7f3c35e5dd48bd3abe8647744fc) Importer(815301076,1909f56bfc062723c751e8b465ee728b)
Start importing Assets/Materials/Standard.mat using Guid(ba3ae7f3c35e5dd48bd3abe8647744fc) Importer(815301076,1909f56bfc062723c751e8b465ee728b)  -> (artifact id: '6a4715f27ced115ececaa3111d4b49b0') in 0.008750 seconds 
  Import took 0.010696 seconds .

========================================================================
Received Import Request.
  Time since last request: 0.000168 seconds.
  path: Assets/Materials/LineGroundTexture.mat
  artifactKey: Guid(0d8147bd23d5ca344b09cd2557306859) Importer(815301076,1909f56bfc062723c751e8b465ee728b)
Start importing Assets/Materials/LineGroundTexture.mat using Guid(0d8147bd23d5ca344b09cd2557306859) Importer(815301076,1909f56bfc062723c751e8b465ee728b)  -> (artifact id: 'd1c31f395d6d6b77b8903abc8a0e46c4') in 0.009085 seconds 
  Import took 0.011132 seconds .

========================================================================
Received Import Request.
  Time since last request: 0.000174 seconds.
  path: Assets/Materials/LineGroundTexture (1).mat
  artifactKey: Guid(096928e93345ded468aeeba5b4894258) Importer(815301076,1909f56bfc062723c751e8b465ee728b)
Start importing Assets/Materials/LineGroundTexture (1).mat using Guid(096928e93345ded468aeeba5b4894258) Importer(815301076,1909f56bfc062723c751e8b465ee728b)  -> (artifact id: 'b521c8f149c9605b27adffc73deca02e') in 0.031788 seconds 
  Import took 0.033942 seconds .

========================================================================
Received Import Request.
  Time since last request: 1.060873 seconds.
  path: Assets/Materials/Walls&Floors
  artifactKey: Guid(af9dcc72dd73b6945a00bf3930cc5c69) Importer(815301076,1909f56bfc062723c751e8b465ee728b)
Start importing Assets/Materials/Walls&Floors using Guid(af9dcc72dd73b6945a00bf3930cc5c69) Importer(815301076,1909f56bfc062723c751e8b465ee728b)  -> (artifact id: 'ade91e9b6b497a0548beae84bc0e71bf') in 0.004635 seconds 
  Import took 0.006787 seconds .

========================================================================
Received Import Request.
  Time since last request: 0.070533 seconds.
  path: Assets/Materials/Walls&Floors/BackWall.mat
  artifactKey: Guid(d4d058af0f57bc14a87e835365da8529) Importer(815301076,1909f56bfc062723c751e8b465ee728b)
Start importing Assets/Materials/Walls&Floors/BackWall.mat using Guid(d4d058af0f57bc14a87e835365da8529) Importer(815301076,1909f56bfc062723c751e8b465ee728b)  -> (artifact id: 'd60595cc3084312e2f75dd85a5174aee') in 0.008701 seconds 
  Import took 0.010858 seconds .

========================================================================
Received Import Request.
  Time since last request: 0.000170 seconds.
  path: Assets/Materials/Walls&Floors/DoctorWalls2.mat
  artifactKey: Guid(274593276cd40e6448d25e5e51a17c53) Importer(815301076,1909f56bfc062723c751e8b465ee728b)
Start importing Assets/Materials/Walls&Floors/DoctorWalls2.mat using Guid(274593276cd40e6448d25e5e51a17c53) Importer(815301076,1909f56bfc062723c751e8b465ee728b)  -> (artifact id: '0f41ba2c4e2d5395092f1978b6d4a30b') in 0.021317 seconds 
  Import took 0.023484 seconds .

========================================================================
Received Import Request.
  Time since last request: 0.000123 seconds.
  path: Assets/Materials/Walls&Floors/RoomWalls.mat
  artifactKey: Guid(320b83a2a246f9742a68bb012edfdcc6) Importer(815301076,1909f56bfc062723c751e8b465ee728b)
Start importing Assets/Materials/Walls&Floors/RoomWalls.mat using Guid(320b83a2a246f9742a68bb012edfdcc6) Importer(815301076,1909f56bfc062723c751e8b465ee728b)  -> (artifact id: '0d020979d6a23d1f3f829639092272a5') in 0.013358 seconds 
  Import took 0.015428 seconds .

========================================================================
Received Import Request.
  Time since last request: 0.000153 seconds.
  path: Assets/Materials/Walls&Floors/BallerinaWalls.mat
  artifactKey: Guid(62fedd94e7d1e124fb7ab254bdb0a74a) Importer(815301076,1909f56bfc062723c751e8b465ee728b)
Start importing Assets/Materials/Walls&Floors/BallerinaWalls.mat using Guid(62fedd94e7d1e124fb7ab254bdb0a74a) Importer(815301076,1909f56bfc062723c751e8b465ee728b)  -> (artifact id: '033159b634d9f7778420b13ef670625a') in 0.009148 seconds 
  Import took 0.011352 seconds .

========================================================================
Received Import Request.
  Time since last request: 0.000249 seconds.
  path: Assets/Materials/Walls&Floors/GoldTiara.mat
  artifactKey: Guid(5ee949c72f89a3142b6a9abb5567d9da) Importer(815301076,1909f56bfc062723c751e8b465ee728b)
Start importing Assets/Materials/Walls&Floors/GoldTiara.mat using Guid(5ee949c72f89a3142b6a9abb5567d9da) Importer(815301076,1909f56bfc062723c751e8b465ee728b)  -> (artifact id: '2c9b2a51deb23689546521343a30f7fd') in 0.011464 seconds 
  Import took 0.013988 seconds .

========================================================================
Received Import Request.
  Time since last request: 0.000139 seconds.
  path: Assets/Materials/Walls&Floors/DoctorSideDoors.mat
  artifactKey: Guid(13d6ced0fb410cd448afef6fe18a9016) Importer(815301076,1909f56bfc062723c751e8b465ee728b)
Start importing Assets/Materials/Walls&Floors/DoctorSideDoors.mat using Guid(13d6ced0fb410cd448afef6fe18a9016) Importer(815301076,1909f56bfc062723c751e8b465ee728b)  -> (artifact id: '134f831d6792299e8b53dfd72ce78f04') in 0.010215 seconds 
  Import took 0.012635 seconds .

========================================================================
Received Import Request.
  Time since last request: 0.000182 seconds.
  path: Assets/Materials/Walls&Floors/DoctorWalls.mat
  artifactKey: Guid(a793b6157bd179348a58c83fee5fdc00) Importer(815301076,1909f56bfc062723c751e8b465ee728b)
Start importing Assets/Materials/Walls&Floors/DoctorWalls.mat using Guid(a793b6157bd179348a58c83fee5fdc00) Importer(815301076,1909f56bfc062723c751e8b465ee728b)  -> (artifact id: 'dd129544b59b3bf8c9b7ae164676843a') in 0.017955 seconds 
  Import took 0.020079 seconds .

========================================================================
Received Import Request.
  Time since last request: 0.000184 seconds.
  path: Assets/Materials/Walls&Floors/NamePlates.mat
  artifactKey: Guid(0b7d45e3236fd384c8cde01c0d652ebe) Importer(815301076,1909f56bfc062723c751e8b465ee728b)
Start importing Assets/Materials/Walls&Floors/NamePlates.mat using Guid(0b7d45e3236fd384c8cde01c0d652ebe) Importer(815301076,1909f56bfc062723c751e8b465ee728b)  -> (artifact id: '76067902d87850a17202374e209b2b37') in 0.052806 seconds 
  Import took 0.054941 seconds .

========================================================================
Received Import Request.
  Time since last request: 0.000176 seconds.
  path: Assets/Materials/Walls&Floors/JewelRed.mat
  artifactKey: Guid(260142fde6f64bb4a8d3db2816897dea) Importer(815301076,1909f56bfc062723c751e8b465ee728b)
Start importing Assets/Materials/Walls&Floors/JewelRed.mat using Guid(260142fde6f64bb4a8d3db2816897dea) Importer(815301076,1909f56bfc062723c751e8b465ee728b)  -> (artifact id: '6348105dbce68e6c30a574506702f679') in 0.008853 seconds 
  Import took 0.010848 seconds .

========================================================================
Received Import Request.
  Time since last request: 0.000152 seconds.
  path: Assets/Materials/Walls&Floors/RoomFloor.mat
  artifactKey: Guid(4b870af9521cd974abfdbee2b29ff2de) Importer(815301076,1909f56bfc062723c751e8b465ee728b)
Start importing Assets/Materials/Walls&Floors/RoomFloor.mat using Guid(4b870af9521cd974abfdbee2b29ff2de) Importer(815301076,1909f56bfc062723c751e8b465ee728b)  -> (artifact id: '5d8c3bfe3a7a755dbc1545ffd4891538') in 0.009440 seconds 
  Import took 0.011482 seconds .

========================================================================
Received Import Request.
  Time since last request: 0.000241 seconds.
  path: Assets/Materials/Walls&Floors/blueFloor.mat
  artifactKey: Guid(0a4fe462065e491469d13aec228637c2) Importer(815301076,1909f56bfc062723c751e8b465ee728b)
Start importing Assets/Materials/Walls&Floors/blueFloor.mat using Guid(0a4fe462065e491469d13aec228637c2) Importer(815301076,1909f56bfc062723c751e8b465ee728b)  -> (artifact id: '5c3fb8b961de502c0ee80172e2f8fee5') in 0.008988 seconds 
  Import took 0.011325 seconds .

========================================================================
Received Import Request.
  Time since last request: 0.000175 seconds.
  path: Assets/Materials/Walls&Floors/Floors.mat
  artifactKey: Guid(18192f7a9fd25324eb46a78773198373) Importer(815301076,1909f56bfc062723c751e8b465ee728b)
Start importing Assets/Materials/Walls&Floors/Floors.mat using Guid(18192f7a9fd25324eb46a78773198373) Importer(815301076,1909f56bfc062723c751e8b465ee728b)  -> (artifact id: 'f9dad1306419dcbf02e7e8165dfeb095') in 0.009607 seconds 
  Import took 0.011780 seconds .

========================================================================
Received Import Request.
  Time since last request: 0.000140 seconds.
  path: Assets/Materials/Walls&Floors/DoctorFloors.mat
  artifactKey: Guid(97da3359a6fc2924c88d0880943c88ae) Importer(815301076,1909f56bfc062723c751e8b465ee728b)
Start importing Assets/Materials/Walls&Floors/DoctorFloors.mat using Guid(97da3359a6fc2924c88d0880943c88ae) Importer(815301076,1909f56bfc062723c751e8b465ee728b)  -> (artifact id: 'd7e445a9762167d81bf0e517a5f3e9f7') in 0.009349 seconds 
  Import took 0.011512 seconds .

========================================================================
Received Import Request.
  Time since last request: 0.000171 seconds.
  path: Assets/Materials/Walls&Floors/DoorwaysMat.mat
  artifactKey: Guid(e9bd88cc8e4f0004a917d0524ee560b0) Importer(815301076,1909f56bfc062723c751e8b465ee728b)
Start importing Assets/Materials/Walls&Floors/DoorwaysMat.mat using Guid(e9bd88cc8e4f0004a917d0524ee560b0) Importer(815301076,1909f56bfc062723c751e8b465ee728b)  -> (artifact id: 'c6340fcd72bb259549cb0ecedbf3cf60') in 0.009280 seconds 
  Import took 0.011319 seconds .

========================================================================
Received Import Request.
  Time since last request: 0.000282 seconds.
  path: Assets/Materials/Walls&Floors/DoctorWalls1.mat
  artifactKey: Guid(3c38a972e54c99943af7642c1f428ad8) Importer(815301076,1909f56bfc062723c751e8b465ee728b)
Start importing Assets/Materials/Walls&Floors/DoctorWalls1.mat using Guid(3c38a972e54c99943af7642c1f428ad8) Importer(815301076,1909f56bfc062723c751e8b465ee728b)  -> (artifact id: '9b7cd3fefe8381aa989f89c5c5b197b1') in 0.019146 seconds 
  Import took 0.021230 seconds .

========================================================================
Received Import Request.
  Time since last request: 14.187033 seconds.
  path: Assets/Materials/Walls&Floors/SilverTiara.mat
  artifactKey: Guid(562753c927440134f8d8e839fb20fcec) Importer(815301076,1909f56bfc062723c751e8b465ee728b)
Start importing Assets/Materials/Walls&Floors/SilverTiara.mat using Guid(562753c927440134f8d8e839fb20fcec) Importer(815301076,1909f56bfc062723c751e8b465ee728b)  -> (artifact id: 'cfe57b086b5328ce07264fc07ea50c0d') in 0.008986 seconds 
  Import took 0.011200 seconds .

========================================================================
Received Import Request.
  Time since last request: 323.919573 seconds.
  path: Assets/Materials/Walls&Floors/SilverTiara.mat
  artifactKey: Guid(562753c927440134f8d8e839fb20fcec) Importer(815301076,1909f56bfc062723c751e8b465ee728b)
Start importing Assets/Materials/Walls&Floors/SilverTiara.mat using Guid(562753c927440134f8d8e839fb20fcec) Importer(815301076,1909f56bfc062723c751e8b465ee728b)  -> (artifact id: '3e9125a3d20c85828e8e356d8418f2f6') in 0.009591 seconds 
  Import took 0.012942 seconds .

========================================================================
Received Prepare
Registering precompiled user dll's ...
Registered in 0.003444 seconds.
Begin MonoManager ReloadAssembly
Native extension for WindowsStandalone target not found
Native extension for OSXStandalone target not found
Refreshing native plugins compatible for Editor in 0.48 ms, found 2 plugins.
Preloading 0 native plugins for Editor in 0.00 ms.
Mono: successfully reloaded assembly
- Completed reload, in  1.244 seconds
Domain Reload Profiling:
	ReloadAssembly (1245ms)
		BeginReloadAssembly (151ms)
			ExecutionOrderSort (0ms)
			DisableScriptedObjects (9ms)
			BackupInstance (0ms)
			ReleaseScriptingObjects (0ms)
			CreateAndSetChildDomain (68ms)
		EndReloadAssembly (1037ms)
			LoadAssemblies (77ms)
			RebuildTransferFunctionScriptingTraits (0ms)
			SetupTypeCache (247ms)
			ReleaseScriptCaches (1ms)
			RebuildScriptCaches (32ms)
			SetupLoadedEditorAssemblies (587ms)
				LogAssemblyErrors (0ms)
				InitializePlatformSupportModulesInManaged (5ms)
				SetLoadedEditorAssemblies (1ms)
				RefreshPlugins (1ms)
				BeforeProcessingInitializeOnLoad (101ms)
				ProcessInitializeOnLoadAttributes (466ms)
				ProcessInitializeOnLoadMethodAttributes (9ms)
				AfterProcessingInitializeOnLoad (5ms)
				EditorAssembliesLoaded (0ms)
			ExecutionOrderSort2 (0ms)
			AwakeInstancesAfterBackupRestoration (5ms)
Platform modules already initialized, skipping
Switching build target platform(19) subTarget(0) extendedPlatform(0) -> platform(13) subTarget(537395200) extendedPlatform(0)
Refreshing native plugins compatible for Editor in 0.56 ms, found 2 plugins.
Preloading 0 native plugins for Editor in 0.00 ms.
Unloading 1706 Unused Serialized files (Serialized files now loaded: 0)
System memory in use before: 112.0 MB.
System memory in use after: 112.1 MB.

Unloading 29 unused Assets to reduce memory usage. Loaded Objects now: 2203.
Total: 2.489600 ms (FindLiveObjects: 0.143100 ms CreateObjectMapping: 0.087800 ms MarkObjects: 2.222700 ms  DeleteObjects: 0.035000 ms)

AssetImportParameters requested are different than current active one (requested -> active):
  custom:framework-win-MediaFoundation: 216162199b28c13a410421893ffa2e32 -> 
  custom:video-decoder-ogg-theora: a1e56fd34408186e4bbccfd4996cb3dc -> 
  custom:container-muxer-webm: aa71ff27fc2769a1b78a27578f13a17b -> 
  custom:container-demuxer-webm: 4f35f7cbe854078d1ac9338744f61a02 -> 
  custom:container-demuxer-ogg: 62fdf1f143b41e24485cea50d1cbac27 -> 
  custom:video-encoder-webm-vp8: eb34c28f22e8b96e1ab97ce403110664 -> 
  custom:video-decoder-webm-vp8: 9c59270c3fd7afecdb556c50c9e8de78 -> 
  custom:graphics/normal-map-encoding: 01000000000000000000000000000000 -> 02000000000000000000000000000000
  custom:audio-decoder-ogg-vorbis: bf7c407c2cedff20999df2af8eb42d56 -> 
  custom:audio-encoder-webm-vorbis: bf7c407c2cedff20999df2af8eb42d56 -> 
========================================================================
Received Import Request.
  Time since last request: 3211.105961 seconds.
  path: Assets/Materials/Walls&Floors/jewelGreen.mat
  artifactKey: Guid(b7afcef18d2cb8e4981dce76f40196ba) Importer(815301076,1909f56bfc062723c751e8b465ee728b)
Start importing Assets/Materials/Walls&Floors/jewelGreen.mat using Guid(b7afcef18d2cb8e4981dce76f40196ba) Importer(815301076,1909f56bfc062723c751e8b465ee728b)  -> (artifact id: '6dc37d61ea991477b36cba5514849e67') in 0.184206 seconds 
  Import took 0.187085 seconds .

========================================================================
Received Import Request.
  Time since last request: 380.647757 seconds.
  path: Assets/Models/Final Char
  artifactKey: Guid(1d179662d65edc14bbe1bb2f2b6f1585) Importer(815301076,1909f56bfc062723c751e8b465ee728b)
Start importing Assets/Models/Final Char using Guid(1d179662d65edc14bbe1bb2f2b6f1585) Importer(815301076,1909f56bfc062723c751e8b465ee728b)  -> (artifact id: '66c2b40e96e898c2dca1458638c9c89e') in 0.004902 seconds 
  Import took 0.007529 seconds .

========================================================================
Received Prepare
Registering precompiled user dll's ...
Registered in 0.003447 seconds.
Begin MonoManager ReloadAssembly
Native extension for WindowsStandalone target not found
Native extension for OSXStandalone target not found
Refreshing native plugins compatible for Editor in 0.44 ms, found 2 plugins.
Preloading 0 native plugins for Editor in 0.00 ms.
Mono: successfully reloaded assembly
- Completed reload, in  0.807 seconds
Domain Reload Profiling:
	ReloadAssembly (807ms)
		BeginReloadAssembly (94ms)
			ExecutionOrderSort (0ms)
			DisableScriptedObjects (3ms)
			BackupInstance (0ms)
			ReleaseScriptingObjects (0ms)
			CreateAndSetChildDomain (29ms)
		EndReloadAssembly (662ms)
			LoadAssemblies (72ms)
			RebuildTransferFunctionScriptingTraits (0ms)
			SetupTypeCache (222ms)
			ReleaseScriptCaches (1ms)
			RebuildScriptCaches (29ms)
			SetupLoadedEditorAssemblies (252ms)
				LogAssemblyErrors (0ms)
				InitializePlatformSupportModulesInManaged (4ms)
				SetLoadedEditorAssemblies (0ms)
				RefreshPlugins (0ms)
				BeforeProcessingInitializeOnLoad (85ms)
				ProcessInitializeOnLoadAttributes (150ms)
				ProcessInitializeOnLoadMethodAttributes (7ms)
				AfterProcessingInitializeOnLoad (5ms)
				EditorAssembliesLoaded (0ms)
			ExecutionOrderSort2 (0ms)
			AwakeInstancesAfterBackupRestoration (4ms)
Platform modules already initialized, skipping
Switching build target platform(19) subTarget(0) extendedPlatform(0) -> platform(13) subTarget(537395200) extendedPlatform(0)
Refreshing native plugins compatible for Editor in 0.39 ms, found 2 plugins.
Preloading 0 native plugins for Editor in 0.00 ms.
Unloading 1706 Unused Serialized files (Serialized files now loaded: 0)
System memory in use before: 112.0 MB.
System memory in use after: 112.2 MB.

Unloading 28 unused Assets to reduce memory usage. Loaded Objects now: 2206.
Total: 2.277300 ms (FindLiveObjects: 0.151200 ms CreateObjectMapping: 0.050600 ms MarkObjects: 2.057800 ms  DeleteObjects: 0.017100 ms)

AssetImportParameters requested are different than current active one (requested -> active):
  custom:framework-win-MediaFoundation: 216162199b28c13a410421893ffa2e32 -> 
  custom:video-decoder-ogg-theora: a1e56fd34408186e4bbccfd4996cb3dc -> 
  custom:container-muxer-webm: aa71ff27fc2769a1b78a27578f13a17b -> 
  custom:container-demuxer-webm: 4f35f7cbe854078d1ac9338744f61a02 -> 
  custom:container-demuxer-ogg: 62fdf1f143b41e24485cea50d1cbac27 -> 
  custom:video-encoder-webm-vp8: eb34c28f22e8b96e1ab97ce403110664 -> 
  custom:video-decoder-webm-vp8: 9c59270c3fd7afecdb556c50c9e8de78 -> 
  custom:graphics/normal-map-encoding: 01000000000000000000000000000000 -> 02000000000000000000000000000000
  custom:audio-decoder-ogg-vorbis: bf7c407c2cedff20999df2af8eb42d56 -> 
  custom:audio-encoder-webm-vorbis: bf7c407c2cedff20999df2af8eb42d56 -> 
========================================================================
Received Import Request.
  Time since last request: 421.073178 seconds.
  path: Assets/Animations
  artifactKey: Guid(8eeec3832e8e5bb46bae3ee4d9bacb87) Importer(815301076,1909f56bfc062723c751e8b465ee728b)
Start importing Assets/Animations using Guid(8eeec3832e8e5bb46bae3ee4d9bacb87) Importer(815301076,1909f56bfc062723c751e8b465ee728b)  -> (artifact id: '8e845007a7966959cfb6dbe433a127d2') in 0.007964 seconds 
  Import took 0.010623 seconds .

========================================================================
Received Prepare
Registering precompiled user dll's ...
Registered in 0.003257 seconds.
Begin MonoManager ReloadAssembly
Native extension for WindowsStandalone target not found
Native extension for OSXStandalone target not found
Refreshing native plugins compatible for Editor in 0.40 ms, found 2 plugins.
Preloading 0 native plugins for Editor in 0.00 ms.
Mono: successfully reloaded assembly
- Completed reload, in  0.790 seconds
Domain Reload Profiling:
	ReloadAssembly (790ms)
		BeginReloadAssembly (84ms)
			ExecutionOrderSort (0ms)
			DisableScriptedObjects (4ms)
			BackupInstance (0ms)
			ReleaseScriptingObjects (0ms)
			CreateAndSetChildDomain (26ms)
		EndReloadAssembly (656ms)
			LoadAssemblies (67ms)
			RebuildTransferFunctionScriptingTraits (0ms)
			SetupTypeCache (219ms)
			ReleaseScriptCaches (1ms)
			RebuildScriptCaches (30ms)
			SetupLoadedEditorAssemblies (248ms)
				LogAssemblyErrors (0ms)
				InitializePlatformSupportModulesInManaged (4ms)
				SetLoadedEditorAssemblies (0ms)
				RefreshPlugins (0ms)
				BeforeProcessingInitializeOnLoad (84ms)
				ProcessInitializeOnLoadAttributes (147ms)
				ProcessInitializeOnLoadMethodAttributes (7ms)
				AfterProcessingInitializeOnLoad (5ms)
				EditorAssembliesLoaded (0ms)
			ExecutionOrderSort2 (0ms)
			AwakeInstancesAfterBackupRestoration (4ms)
Platform modules already initialized, skipping
Switching build target platform(19) subTarget(0) extendedPlatform(0) -> platform(13) subTarget(537395200) extendedPlatform(0)
Refreshing native plugins compatible for Editor in 0.43 ms, found 2 plugins.
Preloading 0 native plugins for Editor in 0.00 ms.
Unloading 1706 Unused Serialized files (Serialized files now loaded: 0)
System memory in use before: 112.1 MB.
System memory in use after: 112.2 MB.

Unloading 28 unused Assets to reduce memory usage. Loaded Objects now: 2208.
Total: 2.239200 ms (FindLiveObjects: 0.135600 ms CreateObjectMapping: 0.043800 ms MarkObjects: 2.041500 ms  DeleteObjects: 0.017300 ms)

AssetImportParameters requested are different than current active one (requested -> active):
  custom:framework-win-MediaFoundation: 216162199b28c13a410421893ffa2e32 -> 
  custom:video-decoder-ogg-theora: a1e56fd34408186e4bbccfd4996cb3dc -> 
  custom:container-muxer-webm: aa71ff27fc2769a1b78a27578f13a17b -> 
  custom:container-demuxer-webm: 4f35f7cbe854078d1ac9338744f61a02 -> 
  custom:container-demuxer-ogg: 62fdf1f143b41e24485cea50d1cbac27 -> 
  custom:video-encoder-webm-vp8: eb34c28f22e8b96e1ab97ce403110664 -> 
  custom:video-decoder-webm-vp8: 9c59270c3fd7afecdb556c50c9e8de78 -> 
  custom:graphics/normal-map-encoding: 01000000000000000000000000000000 -> 02000000000000000000000000000000
  custom:audio-decoder-ogg-vorbis: bf7c407c2cedff20999df2af8eb42d56 -> 
  custom:audio-encoder-webm-vorbis: bf7c407c2cedff20999df2af8eb42d56 -> 
========================================================================
Received Prepare
Registering precompiled user dll's ...
Registered in 0.003446 seconds.
Begin MonoManager ReloadAssembly
Native extension for WindowsStandalone target not found
Native extension for OSXStandalone target not found
Refreshing native plugins compatible for Editor in 0.39 ms, found 2 plugins.
Preloading 0 native plugins for Editor in 0.00 ms.
Mono: successfully reloaded assembly
- Completed reload, in  0.812 seconds
Domain Reload Profiling:
	ReloadAssembly (812ms)
		BeginReloadAssembly (98ms)
			ExecutionOrderSort (0ms)
			DisableScriptedObjects (4ms)
			BackupInstance (0ms)
			ReleaseScriptingObjects (0ms)
			CreateAndSetChildDomain (27ms)
		EndReloadAssembly (665ms)
			LoadAssemblies (67ms)
			RebuildTransferFunctionScriptingTraits (0ms)
			SetupTypeCache (218ms)
			ReleaseScriptCaches (1ms)
			RebuildScriptCaches (31ms)
			SetupLoadedEditorAssemblies (250ms)
				LogAssemblyErrors (0ms)
				InitializePlatformSupportModulesInManaged (4ms)
				SetLoadedEditorAssemblies (0ms)
				RefreshPlugins (0ms)
				BeforeProcessingInitializeOnLoad (85ms)
				ProcessInitializeOnLoadAttributes (148ms)
				ProcessInitializeOnLoadMethodAttributes (7ms)
				AfterProcessingInitializeOnLoad (5ms)
				EditorAssembliesLoaded (0ms)
			ExecutionOrderSort2 (0ms)
			AwakeInstancesAfterBackupRestoration (4ms)
Platform modules already initialized, skipping
Switching build target platform(19) subTarget(0) extendedPlatform(0) -> platform(13) subTarget(537395200) extendedPlatform(0)
Refreshing native plugins compatible for Editor in 0.45 ms, found 2 plugins.
Preloading 0 native plugins for Editor in 0.00 ms.
Unloading 1706 Unused Serialized files (Serialized files now loaded: 0)
System memory in use before: 112.1 MB.
System memory in use after: 112.2 MB.

Unloading 28 unused Assets to reduce memory usage. Loaded Objects now: 2210.
Total: 2.389500 ms (FindLiveObjects: 0.140800 ms CreateObjectMapping: 0.044900 ms MarkObjects: 2.187100 ms  DeleteObjects: 0.016100 ms)

AssetImportParameters requested are different than current active one (requested -> active):
  custom:framework-win-MediaFoundation: 216162199b28c13a410421893ffa2e32 -> 
  custom:video-decoder-ogg-theora: a1e56fd34408186e4bbccfd4996cb3dc -> 
  custom:container-muxer-webm: aa71ff27fc2769a1b78a27578f13a17b -> 
  custom:container-demuxer-webm: 4f35f7cbe854078d1ac9338744f61a02 -> 
  custom:container-demuxer-ogg: 62fdf1f143b41e24485cea50d1cbac27 -> 
  custom:video-encoder-webm-vp8: eb34c28f22e8b96e1ab97ce403110664 -> 
  custom:video-decoder-webm-vp8: 9c59270c3fd7afecdb556c50c9e8de78 -> 
  custom:graphics/normal-map-encoding: 01000000000000000000000000000000 -> 02000000000000000000000000000000
  custom:audio-decoder-ogg-vorbis: bf7c407c2cedff20999df2af8eb42d56 -> 
  custom:audio-encoder-webm-vorbis: bf7c407c2cedff20999df2af8eb42d56 -> 
AssetImportWorkerClient::OnTransportError - code=2 error=End of file
